0 info it worked if it ends with ok
1 verbose cli [ 'node', '/usr/local/bin/npm', 'start' ]
2 info using npm@2.0.0-alpha-5
3 info using node@v0.10.30
4 verbose node symlink /usr/local/bin/node
5 error Error: Invalid name: "Security Relationships"
5 error     at ensureValidName (/usr/local/lib/node_modules/npm/node_modules/normalize-package-data/lib/fixer.js:315:15)
5 error     at Object.module.exports.fixNameField (/usr/local/lib/node_modules/npm/node_modules/normalize-package-data/lib/fixer.js:204:5)
5 error     at /usr/local/lib/node_modules/npm/node_modules/normalize-package-data/lib/normalize.js:30:38
5 error     at Array.forEach (native)
5 error     at normalize (/usr/local/lib/node_modules/npm/node_modules/normalize-package-data/lib/normalize.js:29:15)
5 error     at final (/usr/local/lib/node_modules/npm/node_modules/read-package-json/read-json.js:342:33)
5 error     at then (/usr/local/lib/node_modules/npm/node_modules/read-package-json/read-json.js:126:33)
5 error     at /usr/local/lib/node_modules/npm/node_modules/read-package-json/read-json.js:331:40
5 error     at evalmachine.<anonymous>:271:14
5 error     at /usr/local/lib/node_modules/npm/node_modules/graceful-fs/graceful-fs.js:102:5
6 error If you need help, you may report this *entire* log,
6 error including the npm and node versions, at:
6 error     <http://github.com/npm/npm/issues>
7 error System Darwin 14.0.0
8 error command "node" "/usr/local/bin/npm" "start"
9 error cwd /Users/kpickering/Documents/sec-relationships
10 error node -v v0.10.30
11 error npm -v 2.0.0-alpha-5
12 verbose exit [ 1, true ]
